Determining if the pthread_create exist failed with the following output:
Change Dir: /home/sunyi/data/rotors_ws/build/rotors_comm/CMakeFiles/CMakeTmp

Run Build Command:"/usr/bin/make" "cmTC_cf958/fast"
/usr/bin/make -f CMakeFiles/cmTC_cf958.dir/build.make CMakeFiles/cmTC_cf958.dir/build
make[1]: 进入目录“/home/sunyi/data/rotors_ws/build/rotors_comm/CMakeFiles/CMakeTmp”
Building C object CMakeFiles/cmTC_cf958.dir/CheckSymbolExists.c.o
/usr/lib/ccache/cc    -o CMakeFiles/cmTC_cf958.dir/CheckSymbolExists.c.o   -c /home/sunyi/data/rotors_ws/build/rotors_comm/CMakeFiles/CMakeTmp/CheckSymbolExists.c
Linking C executable cmTC_cf958
/usr/bin/cmake -E cmake_link_script CMakeFiles/cmTC_cf958.dir/link.txt --verbose=1
/usr/lib/ccache/cc      -rdynamic CMakeFiles/cmTC_cf958.dir/CheckSymbolExists.c.o  -o cmTC_cf958 
CMakeFiles/cmTC_cf958.dir/CheckSymbolExists.c.o：在函数‘main’中：
CheckSymbolExists.c:(.text+0x1b)：对‘pthread_create’未定义的引用
collect2: error: ld returned 1 exit status
CMakeFiles/cmTC_cf958.dir/build.make:97: recipe for target 'cmTC_cf958' failed
make[1]: *** [cmTC_cf958] Error 1
make[1]: 离开目录“/home/sunyi/data/rotors_ws/build/rotors_comm/CMakeFiles/CMakeTmp”
Makefile:126: recipe for target 'cmTC_cf958/fast' failed
make: *** [cmTC_cf958/fast] Error 2

File /home/sunyi/data/rotors_ws/build/rotors_comm/CMakeFiles/CMakeTmp/CheckSymbolExists.c:
/* */
#include <pthread.h>

int main(int argc, char** argv)
{
  (void)argv;
#ifndef pthread_create
  return ((int*)(&pthread_create))[argc];
#else
  (void)argc;
  return 0;
#endif
}

Determining if the function pthread_create exists in the pthreads failed with the following output:
Change Dir: /home/sunyi/data/rotors_ws/build/rotors_comm/CMakeFiles/CMakeTmp

Run Build Command:"/usr/bin/make" "cmTC_6af05/fast"
/usr/bin/make -f CMakeFiles/cmTC_6af05.dir/build.make CMakeFiles/cmTC_6af05.dir/build
make[1]: 进入目录“/home/sunyi/data/rotors_ws/build/rotors_comm/CMakeFiles/CMakeTmp”
Building C object CMakeFiles/cmTC_6af05.dir/CheckFunctionExists.c.o
/usr/lib/ccache/cc   -DCHECK_FUNCTION_EXISTS=pthread_create   -o CMakeFiles/cmTC_6af05.dir/CheckFunctionExists.c.o   -c /usr/share/cmake-3.10/Modules/CheckFunctionExists.c
Linking C executable cmTC_6af05
/usr/bin/cmake -E cmake_link_script CMakeFiles/cmTC_6af05.dir/link.txt --verbose=1
/usr/lib/ccache/cc  -DCHECK_FUNCTION_EXISTS=pthread_create    -rdynamic CMakeFiles/cmTC_6af05.dir/CheckFunctionExists.c.o  -o cmTC_6af05 -lpthreads 
/usr/bin/ld: 找不到 -lpthreads
collect2: error: ld returned 1 exit status
CMakeFiles/cmTC_6af05.dir/build.make:97: recipe for target 'cmTC_6af05' failed
make[1]: *** [cmTC_6af05] Error 1
make[1]: 离开目录“/home/sunyi/data/rotors_ws/build/rotors_comm/CMakeFiles/CMakeTmp”
Makefile:126: recipe for target 'cmTC_6af05/fast' failed
make: *** [cmTC_6af05/fast] Error 2


