In file included from /home/sunyi/data/rotors_ws/src/rotors_simulator/rotors_hil_interface/include/rotors_hil_interface/hil_interface.h:23:0,
                 from /home/sunyi/data/rotors_ws/src/rotors_simulator/rotors_hil_interface/src/hil_sensor_level_interface.cpp:17:
/opt/ros/melodic/include/mavros_msgs/mavlink_convert.h:45:32: warning: unknown option after ‘#pragma GCC diagnostic’ kind [-Wpragmas]
 #pragma GCC diagnostic ignored "-Waddress-of-packed-member"
                                ^~~~~~~~~~~~~~~~~~~~~~~~~~~~
In file included from /home/sunyi/data/rotors_ws/src/rotors_simulator/rotors_hil_interface/include/rotors_hil_interface/hil_interface.h:23:0,
                 from /home/sunyi/data/rotors_ws/src/rotors_simulator/rotors_hil_interface/src/hil_state_level_interface.cpp:17:
/opt/ros/melodic/include/mavros_msgs/mavlink_convert.h:45:32: warning: unknown option after ‘#pragma GCC diagnostic’ kind [-Wpragmas]
 #pragma GCC diagnostic ignored "-Waddress-of-packed-member"
                                ^~~~~~~~~~~~~~~~~~~~~~~~~~~~
In file included from /home/sunyi/data/rotors_ws/src/rotors_simulator/rotors_hil_interface/include/rotors_hil_interface/hil_interface.h:23:0,
                 from /home/sunyi/data/rotors_ws/src/rotors_simulator/rotors_hil_interface/include/rotors_hil_interface/hil_interface_node.h:22,
                 from /home/sunyi/data/rotors_ws/src/rotors_simulator/rotors_hil_interface/src/hil_interface_node.cpp:17:
/opt/ros/melodic/include/mavros_msgs/mavlink_convert.h:45:32: warning: unknown option after ‘#pragma GCC diagnostic’ kind [-Wpragmas]
 #pragma GCC diagnostic ignored "-Waddress-of-packed-member"
                                ^~~~~~~~~~~~~~~~~~~~~~~~~~~~
/home/sunyi/data/rotors_ws/src/rotors_simulator/rotors_hil_interface/src/hil_interface_node.cpp: In constructor ‘rotors_hil::HilInterfaceNode::HilInterfaceNode()’:
/home/sunyi/data/rotors_ws/src/rotors_simulator/rotors_hil_interface/src/hil_interface_node.cpp:51:27: warning: ‘template<class> class std::auto_ptr’ is deprecated [-Wdeprecated-declarations]
     hil_interface_ = std::auto_ptr<HilSensorLevelInterface>(new HilSensorLevelInterface(q_S_B));
                           ^~~~~~~~
In file included from /usr/include/c++/7/memory:80:0,
                 from /home/sunyi/data/rotors_ws/src/rotors_simulator/rotors_hil_interface/include/rotors_hil_interface/hil_interface_node.h:20,
                 from /home/sunyi/data/rotors_ws/src/rotors_simulator/rotors_hil_interface/src/hil_interface_node.cpp:17:
/usr/include/c++/7/bits/unique_ptr.h:51:28: note: declared here
   template<typename> class auto_ptr;
                            ^~~~~~~~
/home/sunyi/data/rotors_ws/src/rotors_simulator/rotors_hil_interface/src/hil_interface_node.cpp:53:27: warning: ‘template<class> class std::auto_ptr’ is deprecated [-Wdeprecated-declarations]
     hil_interface_ = std::auto_ptr<HilStateLevelInterface>(new HilStateLevelInterface(q_S_B));
                           ^~~~~~~~
In file included from /usr/include/c++/7/memory:80:0,
                 from /home/sunyi/data/rotors_ws/src/rotors_simulator/rotors_hil_interface/include/rotors_hil_interface/hil_interface_node.h:20,
                 from /home/sunyi/data/rotors_ws/src/rotors_simulator/rotors_hil_interface/src/hil_interface_node.cpp:17:
/usr/include/c++/7/bits/unique_ptr.h:51:28: note: declared here
   template<typename> class auto_ptr;
                            ^~~~~~~~
