Determining if the pthread_create exist failed with the following output:
Change Dir: /home/sunyi/data/rotors_ws/build/rotors_hil_interface/CMakeFiles/CMakeTmp

Run Build Command:"/usr/bin/make" "cmTC_83823/fast"
/usr/bin/make -f CMakeFiles/cmTC_83823.dir/build.make CMakeFiles/cmTC_83823.dir/build
make[1]: 进入目录“/home/sunyi/data/rotors_ws/build/rotors_hil_interface/CMakeFiles/CMakeTmp”
Building C object CMakeFiles/cmTC_83823.dir/CheckSymbolExists.c.o
/usr/lib/ccache/cc    -o CMakeFiles/cmTC_83823.dir/CheckSymbolExists.c.o   -c /home/sunyi/data/rotors_ws/build/rotors_hil_interface/CMakeFiles/CMakeTmp/CheckSymbolExists.c
Linking C executable cmTC_83823
/usr/bin/cmake -E cmake_link_script CMakeFiles/cmTC_83823.dir/link.txt --verbose=1
/usr/lib/ccache/cc      -rdynamic CMakeFiles/cmTC_83823.dir/CheckSymbolExists.c.o  -o cmTC_83823 
CMakeFiles/cmTC_83823.dir/CheckSymbolExists.c.o：在函数‘main’中：
CheckSymbolExists.c:(.text+0x1b)：对‘pthread_create’未定义的引用
collect2: error: ld returned 1 exit status
CMakeFiles/cmTC_83823.dir/build.make:97: recipe for target 'cmTC_83823' failed
make[1]: *** [cmTC_83823] Error 1
make[1]: 离开目录“/home/sunyi/data/rotors_ws/build/rotors_hil_interface/CMakeFiles/CMakeTmp”
Makefile:126: recipe for target 'cmTC_83823/fast' failed
make: *** [cmTC_83823/fast] Error 2

File /home/sunyi/data/rotors_ws/build/rotors_hil_interface/CMakeFiles/CMakeTmp/CheckSymbolExists.c:
/* */
#include <pthread.h>

int main(int argc, char** argv)
{
  (void)argv;
#ifndef pthread_create
  return ((int*)(&pthread_create))[argc];
#else
  (void)argc;
  return 0;
#endif
}

Determining if the function pthread_create exists in the pthreads failed with the following output:
Change Dir: /home/sunyi/data/rotors_ws/build/rotors_hil_interface/CMakeFiles/CMakeTmp

Run Build Command:"/usr/bin/make" "cmTC_72ebc/fast"
/usr/bin/make -f CMakeFiles/cmTC_72ebc.dir/build.make CMakeFiles/cmTC_72ebc.dir/build
make[1]: 进入目录“/home/sunyi/data/rotors_ws/build/rotors_hil_interface/CMakeFiles/CMakeTmp”
Building C object CMakeFiles/cmTC_72ebc.dir/CheckFunctionExists.c.o
/usr/lib/ccache/cc   -DCHECK_FUNCTION_EXISTS=pthread_create   -o CMakeFiles/cmTC_72ebc.dir/CheckFunctionExists.c.o   -c /usr/share/cmake-3.10/Modules/CheckFunctionExists.c
Linking C executable cmTC_72ebc
/usr/bin/cmake -E cmake_link_script CMakeFiles/cmTC_72ebc.dir/link.txt --verbose=1
/usr/lib/ccache/cc  -DCHECK_FUNCTION_EXISTS=pthread_create    -rdynamic CMakeFiles/cmTC_72ebc.dir/CheckFunctionExists.c.o  -o cmTC_72ebc -lpthreads 
/usr/bin/ld: 找不到 -lpthreads
collect2: error: ld returned 1 exit status
CMakeFiles/cmTC_72ebc.dir/build.make:97: recipe for target 'cmTC_72ebc' failed
make[1]: *** [cmTC_72ebc] Error 1
make[1]: 离开目录“/home/sunyi/data/rotors_ws/build/rotors_hil_interface/CMakeFiles/CMakeTmp”
Makefile:126: recipe for target 'cmTC_72ebc/fast' failed
make: *** [cmTC_72ebc/fast] Error 2


