[  0%] Built target topic_tools_generate_messages_nodejs
[  0%] Built target rotors_comm_generate_messages_cpp
[  0%] Built target rotors_comm_generate_messages_lisp
[  0%] Built target rotors_comm_generate_messages_py
[  0%] Built target topic_tools_generate_messages_lisp
[  0%] Built target tf2_msgs_generate_messages_cpp
[  0%] Built target topic_tools_generate_messages_eus
[ 65%] Built target mav_msgs
[ 65%] Built target topic_tools_generate_messages_cpp
[ 65%] Built target octomap_msgs_generate_messages_eus
[ 65%] Built target rotors_comm_generate_messages_eus
[ 65%] Built target mav_msgs_generate_messages_py
[ 65%] Built target mav_msgs_generate_messages_nodejs
[ 65%] Built target octomap_msgs_generate_messages_cpp
[ 65%] Built target mav_msgs_generate_messages_eus
[ 65%] Built target dynamic_reconfigure_generate_messages_py
[ 65%] Built target dynamic_reconfigure_generate_messages_eus
[ 65%] Built target tf2_msgs_generate_messages_nodejs
[ 65%] Built target dynamic_reconfigure_generate_messages_nodejs
[ 65%] Built target std_srvs_generate_messages_cpp
[ 65%] Built target std_srvs_generate_messages_py
[ 65%] Built target geometry_msgs_generate_messages_py
[ 65%] Built target geometry_msgs_generate_messages_lisp
[ 65%] Built target geometry_msgs_generate_messages_eus
[ 65%] Built target sensor_msgs_generate_messages_nodejs
[ 65%] Built target actionlib_generate_messages_cpp
[ 65%] Built target roscpp_generate_messages_cpp
[ 65%] Built target trajectory_msgs_generate_messages_eus
[ 65%] Built target roscpp_generate_messages_py
[ 65%] Built target trajectory_msgs_generate_messages_cpp
[ 65%] Built target dynamic_reconfigure_generate_messages_cpp
[ 65%] Built target gazebo_plugins_gencfg
[ 65%] Built target std_msgs_generate_messages_cpp
[ 65%] Built target tf_generate_messages_py
[ 65%] Built target topic_tools_generate_messages_py
[ 65%] Built target nodelet_generate_messages_py
[ 65%] Built target sensor_msgs_generate_messages_py
[ 65%] Built target actionlib_msgs_generate_messages_nodejs
[ 65%] Built target nav_msgs_generate_messages_nodejs
[ 65%] Built target geometry_msgs_generate_messages_nodejs
[ 65%] Built target trajectory_msgs_generate_messages_py
[ 65%] Built target std_msgs_generate_messages_eus
[ 65%] Built target sensor_msgs_generate_messages_lisp
[ 65%] Built target gazebo_msgs_generate_messages_eus
[ 65%] Built target gazebo_msgs_generate_messages_py
[ 65%] Built target nav_msgs_generate_messages_cpp
[ 65%] Built target rotors_comm_generate_messages_nodejs
[ 65%] Built target octomap_msgs_generate_messages_nodejs
[ 65%] Built target std_srvs_generate_messages_nodejs
[ 65%] Built target bond_generate_messages_py
[ 65%] Built target nodelet_generate_messages_cpp
[ 65%] Built target geometry_msgs_generate_messages_cpp
[ 65%] Built target actionlib_generate_messages_lisp
[ 65%] Built target gazebo_msgs_generate_messages_cpp
[ 65%] Built target dynamic_reconfigure_generate_messages_lisp
[ 65%] Built target std_msgs_generate_messages_nodejs
[ 65%] Built target bond_generate_messages_lisp
[ 65%] Built target sensor_msgs_generate_messages_cpp
[ 65%] Built target sensor_msgs_generate_messages_eus
[ 65%] Built target std_msgs_generate_messages_lisp
[ 65%] Built target roscpp_generate_messages_nodejs
[ 65%] Built target gazebo_msgs_generate_messages_lisp
[ 65%] Built target octomap_msgs_generate_messages_lisp
[ 65%] Built target std_srvs_generate_messages_eus
[ 65%] Built target roscpp_generate_messages_lisp
[ 65%] Built target _catkin_empty_exported_target
[ 65%] Built target bond_generate_messages_eus
[ 65%] Built target std_msgs_generate_messages_py
[ 65%] Built target std_srvs_generate_messages_lisp
[ 65%] Built target rosgraph_msgs_generate_messages_eus
[ 65%] Built target gazebo_msgs_generate_messages_nodejs
[ 65%] Built target rosgraph_msgs_generate_messages_lisp
[ 65%] Built target rosgraph_msgs_generate_messages_cpp
[ 65%] Built target nodelet_generate_messages_lisp
[ 65%] Built target nodelet_generate_messages_eus
[ 65%] Built target rosgraph_msgs_generate_messages_nodejs
[ 65%] Built target rosgraph_msgs_generate_messages_py
[ 65%] Built target roscpp_generate_messages_eus
[ 65%] Built target actionlib_msgs_generate_messages_eus
[ 65%] Built target nodelet_generate_messages_nodejs
[ 65%] Built target bond_generate_messages_cpp
[ 65%] Built target actionlib_msgs_generate_messages_cpp
[ 65%] Built target trajectory_msgs_generate_messages_lisp
[ 65%] Built target tf_generate_messages_eus
[ 65%] Built target trajectory_msgs_generate_messages_nodejs
[ 65%] Built target bond_generate_messages_nodejs
[ 65%] Built target nav_msgs_generate_messages_lisp
[ 65%] Built target nav_msgs_generate_messages_eus
[ 65%] Built target tf2_msgs_generate_messages_eus
[ 65%] Built target dynamic_reconfigure_gencfg
[ 65%] Built target tf2_msgs_generate_messages_lisp
[ 65%] Built target mav_msgs_generate_messages_cpp
[ 65%] Built target octomap_msgs_generate_messages_py
[ 65%] Built target nav_msgs_generate_messages_py
[ 65%] Built target actionlib_msgs_generate_messages_lisp
[ 65%] Built target actionlib_msgs_generate_messages_py
[ 65%] Built target tf_generate_messages_lisp
[ 65%] Built target mav_msgs_generate_messages_lisp
[ 65%] Built target actionlib_generate_messages_eus
[ 65%] Built target tf_generate_messages_nodejs
[ 65%] Built target actionlib_generate_messages_nodejs
[ 65%] Built target tf_generate_messages_cpp
[ 65%] Built target tf2_msgs_generate_messages_py
[ 65%] Built target actionlib_generate_messages_py
[ 67%] Built target rotors_gazebo_lidar_plugin
[ 69%] Built target rotors_gazebo_odometry_plugin
[ 71%] Built target rotors_gazebo_wind_plugin
[ 74%] Built target rotors_gazebo_fw_dynamics_plugin
[ 76%] Built target rotors_gazebo_gps_plugin
[ 78%] Built target rotors_gazebo_ros_interface_plugin
[ 79%] Built target rotors_gazebo_imu_plugin
[ 83%] Built target rotors_gazebo_noisydepth_plugin
[35m[1mScanning dependencies of target LiftDragPlugin[0m
[35m[1mScanning dependencies of target rotors_gazebo_motor_model[0m
[ 87%] Built target rotors_gazebo_magnetometer_plugin
[ 87%] Built target rotors_gazebo_controller_interface
[ 89%] Built target rotors_gazebo_bag_plugin
[ 93%] Built target gazebo_geotagged_images_plugin
[ 93%] [32mBuilding CXX object CMakeFiles/rotors_gazebo_pressure_plugin.dir/src/gazebo_pressure_plugin.cpp.o[0m
[ 95%] Built target rotors_gazebo_multirotor_base_plugin
[ 95%] [32mBuilding CXX object CMakeFiles/LiftDragPlugin.dir/src/liftdrag_plugin/liftdrag_plugin.cpp.o[0m
[ 96%] [32mBuilding CXX object CMakeFiles/rotors_gazebo_motor_model.dir/src/gazebo_motor_model.cpp.o[0m
[ 97%] [32m[1mLinking CXX shared library /home/sunyi/data/rotors_ws/devel/.private/rotors_gazebo_plugins/lib/libLiftDragPlugin.so[0m
[ 98%] [32m[1mLinking CXX shared library /home/sunyi/data/rotors_ws/devel/.private/rotors_gazebo_plugins/lib/librotors_gazebo_pressure_plugin.so[0m
[ 98%] Built target LiftDragPlugin
[ 98%] Built target rotors_gazebo_pressure_plugin
[100%] [32m[1mLinking CXX shared library /home/sunyi/data/rotors_ws/devel/.private/rotors_gazebo_plugins/lib/librotors_gazebo_motor_model.so[0m
[100%] Built target rotors_gazebo_motor_model
