Determining if the pthread_create exist failed with the following output:
Change Dir: /home/sunyi/data/rotors_ws/build/mav_system_msgs/CMakeFiles/CMakeTmp

Run Build Command:"/usr/bin/make" "cmTC_57042/fast"
/usr/bin/make -f CMakeFiles/cmTC_57042.dir/build.make CMakeFiles/cmTC_57042.dir/build
make[1]: 进入目录“/home/sunyi/data/rotors_ws/build/mav_system_msgs/CMakeFiles/CMakeTmp”
Building C object CMakeFiles/cmTC_57042.dir/CheckSymbolExists.c.o
/usr/lib/ccache/cc    -o CMakeFiles/cmTC_57042.dir/CheckSymbolExists.c.o   -c /home/sunyi/data/rotors_ws/build/mav_system_msgs/CMakeFiles/CMakeTmp/CheckSymbolExists.c
Linking C executable cmTC_57042
/usr/bin/cmake -E cmake_link_script CMakeFiles/cmTC_57042.dir/link.txt --verbose=1
/usr/lib/ccache/cc      -rdynamic CMakeFiles/cmTC_57042.dir/CheckSymbolExists.c.o  -o cmTC_57042 
CMakeFiles/cmTC_57042.dir/CheckSymbolExists.c.o：在函数‘main’中：
CheckSymbolExists.c:(.text+0x1b)：对‘pthread_create’未定义的引用
collect2: error: ld returned 1 exit status
CMakeFiles/cmTC_57042.dir/build.make:97: recipe for target 'cmTC_57042' failed
make[1]: *** [cmTC_57042] Error 1
make[1]: 离开目录“/home/sunyi/data/rotors_ws/build/mav_system_msgs/CMakeFiles/CMakeTmp”
Makefile:126: recipe for target 'cmTC_57042/fast' failed
make: *** [cmTC_57042/fast] Error 2

File /home/sunyi/data/rotors_ws/build/mav_system_msgs/CMakeFiles/CMakeTmp/CheckSymbolExists.c:
/* */
#include <pthread.h>

int main(int argc, char** argv)
{
  (void)argv;
#ifndef pthread_create
  return ((int*)(&pthread_create))[argc];
#else
  (void)argc;
  return 0;
#endif
}

Determining if the function pthread_create exists in the pthreads failed with the following output:
Change Dir: /home/sunyi/data/rotors_ws/build/mav_system_msgs/CMakeFiles/CMakeTmp

Run Build Command:"/usr/bin/make" "cmTC_9b889/fast"
/usr/bin/make -f CMakeFiles/cmTC_9b889.dir/build.make CMakeFiles/cmTC_9b889.dir/build
make[1]: 进入目录“/home/sunyi/data/rotors_ws/build/mav_system_msgs/CMakeFiles/CMakeTmp”
Building C object CMakeFiles/cmTC_9b889.dir/CheckFunctionExists.c.o
/usr/lib/ccache/cc   -DCHECK_FUNCTION_EXISTS=pthread_create   -o CMakeFiles/cmTC_9b889.dir/CheckFunctionExists.c.o   -c /usr/share/cmake-3.10/Modules/CheckFunctionExists.c
Linking C executable cmTC_9b889
/usr/bin/cmake -E cmake_link_script CMakeFiles/cmTC_9b889.dir/link.txt --verbose=1
/usr/lib/ccache/cc  -DCHECK_FUNCTION_EXISTS=pthread_create    -rdynamic CMakeFiles/cmTC_9b889.dir/CheckFunctionExists.c.o  -o cmTC_9b889 -lpthreads 
/usr/bin/ld: 找不到 -lpthreads
collect2: error: ld returned 1 exit status
CMakeFiles/cmTC_9b889.dir/build.make:97: recipe for target 'cmTC_9b889' failed
make[1]: *** [cmTC_9b889] Error 1
make[1]: 离开目录“/home/sunyi/data/rotors_ws/build/mav_system_msgs/CMakeFiles/CMakeTmp”
Makefile:126: recipe for target 'cmTC_9b889/fast' failed
make: *** [cmTC_9b889/fast] Error 2


