Determining if the pthread_create exist failed with the following output:
Change Dir: /home/sunyi/data/rotors_ws/build/mav_msgs/CMakeFiles/CMakeTmp

Run Build Command:"/usr/bin/make" "cmTC_788b4/fast"
/usr/bin/make -f CMakeFiles/cmTC_788b4.dir/build.make CMakeFiles/cmTC_788b4.dir/build
make[1]: 进入目录“/home/sunyi/data/rotors_ws/build/mav_msgs/CMakeFiles/CMakeTmp”
Building C object CMakeFiles/cmTC_788b4.dir/CheckSymbolExists.c.o
/usr/lib/ccache/cc    -o CMakeFiles/cmTC_788b4.dir/CheckSymbolExists.c.o   -c /home/sunyi/data/rotors_ws/build/mav_msgs/CMakeFiles/CMakeTmp/CheckSymbolExists.c
Linking C executable cmTC_788b4
/usr/bin/cmake -E cmake_link_script CMakeFiles/cmTC_788b4.dir/link.txt --verbose=1
/usr/lib/ccache/cc      -rdynamic CMakeFiles/cmTC_788b4.dir/CheckSymbolExists.c.o  -o cmTC_788b4 
CMakeFiles/cmTC_788b4.dir/CheckSymbolExists.c.o：在函数‘main’中：
CheckSymbolExists.c:(.text+0x1b)：对‘pthread_create’未定义的引用
collect2: error: ld returned 1 exit status
CMakeFiles/cmTC_788b4.dir/build.make:97: recipe for target 'cmTC_788b4' failed
make[1]: *** [cmTC_788b4] Error 1
make[1]: 离开目录“/home/sunyi/data/rotors_ws/build/mav_msgs/CMakeFiles/CMakeTmp”
Makefile:126: recipe for target 'cmTC_788b4/fast' failed
make: *** [cmTC_788b4/fast] Error 2

File /home/sunyi/data/rotors_ws/build/mav_msgs/CMakeFiles/CMakeTmp/CheckSymbolExists.c:
/* */
#include <pthread.h>

int main(int argc, char** argv)
{
  (void)argv;
#ifndef pthread_create
  return ((int*)(&pthread_create))[argc];
#else
  (void)argc;
  return 0;
#endif
}

Determining if the function pthread_create exists in the pthreads failed with the following output:
Change Dir: /home/sunyi/data/rotors_ws/build/mav_msgs/CMakeFiles/CMakeTmp

Run Build Command:"/usr/bin/make" "cmTC_f84cd/fast"
/usr/bin/make -f CMakeFiles/cmTC_f84cd.dir/build.make CMakeFiles/cmTC_f84cd.dir/build
make[1]: 进入目录“/home/sunyi/data/rotors_ws/build/mav_msgs/CMakeFiles/CMakeTmp”
Building C object CMakeFiles/cmTC_f84cd.dir/CheckFunctionExists.c.o
/usr/lib/ccache/cc   -DCHECK_FUNCTION_EXISTS=pthread_create   -o CMakeFiles/cmTC_f84cd.dir/CheckFunctionExists.c.o   -c /usr/share/cmake-3.10/Modules/CheckFunctionExists.c
Linking C executable cmTC_f84cd
/usr/bin/cmake -E cmake_link_script CMakeFiles/cmTC_f84cd.dir/link.txt --verbose=1
/usr/lib/ccache/cc  -DCHECK_FUNCTION_EXISTS=pthread_create    -rdynamic CMakeFiles/cmTC_f84cd.dir/CheckFunctionExists.c.o  -o cmTC_f84cd -lpthreads 
/usr/bin/ld: 找不到 -lpthreads
collect2: error: ld returned 1 exit status
CMakeFiles/cmTC_f84cd.dir/build.make:97: recipe for target 'cmTC_f84cd' failed
make[1]: *** [cmTC_f84cd] Error 1
make[1]: 离开目录“/home/sunyi/data/rotors_ws/build/mav_msgs/CMakeFiles/CMakeTmp”
Makefile:126: recipe for target 'cmTC_f84cd/fast' failed
make: *** [cmTC_f84cd/fast] Error 2


