Determining if the pthread_create exist failed with the following output:
Change Dir: /home/sunyi/data/rotors_ws/build/glog_catkin/CMakeFiles/CMakeTmp

Run Build Command:"/usr/bin/make" "cmTC_002ae/fast"
/usr/bin/make -f CMakeFiles/cmTC_002ae.dir/build.make CMakeFiles/cmTC_002ae.dir/build
make[1]: 进入目录“/home/sunyi/data/rotors_ws/build/glog_catkin/CMakeFiles/CMakeTmp”
Building C object CMakeFiles/cmTC_002ae.dir/CheckSymbolExists.c.o
/usr/lib/ccache/cc    -o CMakeFiles/cmTC_002ae.dir/CheckSymbolExists.c.o   -c /home/sunyi/data/rotors_ws/build/glog_catkin/CMakeFiles/CMakeTmp/CheckSymbolExists.c
Linking C executable cmTC_002ae
/usr/bin/cmake -E cmake_link_script CMakeFiles/cmTC_002ae.dir/link.txt --verbose=1
/usr/lib/ccache/cc      -rdynamic CMakeFiles/cmTC_002ae.dir/CheckSymbolExists.c.o  -o cmTC_002ae 
CMakeFiles/cmTC_002ae.dir/CheckSymbolExists.c.o：在函数‘main’中：
CheckSymbolExists.c:(.text+0x1b)：对‘pthread_create’未定义的引用
collect2: error: ld returned 1 exit status
CMakeFiles/cmTC_002ae.dir/build.make:97: recipe for target 'cmTC_002ae' failed
make[1]: *** [cmTC_002ae] Error 1
make[1]: 离开目录“/home/sunyi/data/rotors_ws/build/glog_catkin/CMakeFiles/CMakeTmp”
Makefile:126: recipe for target 'cmTC_002ae/fast' failed
make: *** [cmTC_002ae/fast] Error 2

File /home/sunyi/data/rotors_ws/build/glog_catkin/CMakeFiles/CMakeTmp/CheckSymbolExists.c:
/* */
#include <pthread.h>

int main(int argc, char** argv)
{
  (void)argv;
#ifndef pthread_create
  return ((int*)(&pthread_create))[argc];
#else
  (void)argc;
  return 0;
#endif
}

Determining if the function pthread_create exists in the pthreads failed with the following output:
Change Dir: /home/sunyi/data/rotors_ws/build/glog_catkin/CMakeFiles/CMakeTmp

Run Build Command:"/usr/bin/make" "cmTC_d92f5/fast"
/usr/bin/make -f CMakeFiles/cmTC_d92f5.dir/build.make CMakeFiles/cmTC_d92f5.dir/build
make[1]: 进入目录“/home/sunyi/data/rotors_ws/build/glog_catkin/CMakeFiles/CMakeTmp”
Building C object CMakeFiles/cmTC_d92f5.dir/CheckFunctionExists.c.o
/usr/lib/ccache/cc   -DCHECK_FUNCTION_EXISTS=pthread_create   -o CMakeFiles/cmTC_d92f5.dir/CheckFunctionExists.c.o   -c /usr/share/cmake-3.10/Modules/CheckFunctionExists.c
Linking C executable cmTC_d92f5
/usr/bin/cmake -E cmake_link_script CMakeFiles/cmTC_d92f5.dir/link.txt --verbose=1
/usr/lib/ccache/cc  -DCHECK_FUNCTION_EXISTS=pthread_create    -rdynamic CMakeFiles/cmTC_d92f5.dir/CheckFunctionExists.c.o  -o cmTC_d92f5 -lpthreads 
/usr/bin/ld: 找不到 -lpthreads
collect2: error: ld returned 1 exit status
CMakeFiles/cmTC_d92f5.dir/build.make:97: recipe for target 'cmTC_d92f5' failed
make[1]: *** [cmTC_d92f5] Error 1
make[1]: 离开目录“/home/sunyi/data/rotors_ws/build/glog_catkin/CMakeFiles/CMakeTmp”
Makefile:126: recipe for target 'cmTC_d92f5/fast' failed
make: *** [cmTC_d92f5/fast] Error 2


