Determining if the pthread_create exist failed with the following output:
Change Dir: /home/sunyi/data/rotors_ws/build/rotors_gazebo/CMakeFiles/CMakeTmp

Run Build Command:"/usr/bin/make" "cmTC_fc592/fast"
/usr/bin/make -f CMakeFiles/cmTC_fc592.dir/build.make CMakeFiles/cmTC_fc592.dir/build
make[1]: 进入目录“/home/sunyi/data/rotors_ws/build/rotors_gazebo/CMakeFiles/CMakeTmp”
Building C object CMakeFiles/cmTC_fc592.dir/CheckSymbolExists.c.o
/usr/lib/ccache/cc    -o CMakeFiles/cmTC_fc592.dir/CheckSymbolExists.c.o   -c /home/sunyi/data/rotors_ws/build/rotors_gazebo/CMakeFiles/CMakeTmp/CheckSymbolExists.c
Linking C executable cmTC_fc592
/usr/bin/cmake -E cmake_link_script CMakeFiles/cmTC_fc592.dir/link.txt --verbose=1
/usr/lib/ccache/cc      -rdynamic CMakeFiles/cmTC_fc592.dir/CheckSymbolExists.c.o  -o cmTC_fc592 
CMakeFiles/cmTC_fc592.dir/CheckSymbolExists.c.o：在函数‘main’中：
CheckSymbolExists.c:(.text+0x1b)：对‘pthread_create’未定义的引用
collect2: error: ld returned 1 exit status
CMakeFiles/cmTC_fc592.dir/build.make:97: recipe for target 'cmTC_fc592' failed
make[1]: *** [cmTC_fc592] Error 1
make[1]: 离开目录“/home/sunyi/data/rotors_ws/build/rotors_gazebo/CMakeFiles/CMakeTmp”
Makefile:126: recipe for target 'cmTC_fc592/fast' failed
make: *** [cmTC_fc592/fast] Error 2

File /home/sunyi/data/rotors_ws/build/rotors_gazebo/CMakeFiles/CMakeTmp/CheckSymbolExists.c:
/* */
#include <pthread.h>

int main(int argc, char** argv)
{
  (void)argv;
#ifndef pthread_create
  return ((int*)(&pthread_create))[argc];
#else
  (void)argc;
  return 0;
#endif
}

Determining if the function pthread_create exists in the pthreads failed with the following output:
Change Dir: /home/sunyi/data/rotors_ws/build/rotors_gazebo/CMakeFiles/CMakeTmp

Run Build Command:"/usr/bin/make" "cmTC_f81c1/fast"
/usr/bin/make -f CMakeFiles/cmTC_f81c1.dir/build.make CMakeFiles/cmTC_f81c1.dir/build
make[1]: 进入目录“/home/sunyi/data/rotors_ws/build/rotors_gazebo/CMakeFiles/CMakeTmp”
Building C object CMakeFiles/cmTC_f81c1.dir/CheckFunctionExists.c.o
/usr/lib/ccache/cc   -DCHECK_FUNCTION_EXISTS=pthread_create   -o CMakeFiles/cmTC_f81c1.dir/CheckFunctionExists.c.o   -c /usr/share/cmake-3.10/Modules/CheckFunctionExists.c
Linking C executable cmTC_f81c1
/usr/bin/cmake -E cmake_link_script CMakeFiles/cmTC_f81c1.dir/link.txt --verbose=1
/usr/lib/ccache/cc  -DCHECK_FUNCTION_EXISTS=pthread_create    -rdynamic CMakeFiles/cmTC_f81c1.dir/CheckFunctionExists.c.o  -o cmTC_f81c1 -lpthreads 
/usr/bin/ld: 找不到 -lpthreads
collect2: error: ld returned 1 exit status
CMakeFiles/cmTC_f81c1.dir/build.make:97: recipe for target 'cmTC_f81c1' failed
make[1]: *** [cmTC_f81c1] Error 1
make[1]: 离开目录“/home/sunyi/data/rotors_ws/build/rotors_gazebo/CMakeFiles/CMakeTmp”
Makefile:126: recipe for target 'cmTC_f81c1/fast' failed
make: *** [cmTC_f81c1/fast] Error 2


