Determining if the pthread_create exist failed with the following output:
Change Dir: /home/sunyi/data/rotors_ws/build/rotors_description/CMakeFiles/CMakeTmp

Run Build Command:"/usr/bin/make" "cmTC_b3f91/fast"
/usr/bin/make -f CMakeFiles/cmTC_b3f91.dir/build.make CMakeFiles/cmTC_b3f91.dir/build
make[1]: 进入目录“/home/sunyi/data/rotors_ws/build/rotors_description/CMakeFiles/CMakeTmp”
Building C object CMakeFiles/cmTC_b3f91.dir/CheckSymbolExists.c.o
/usr/lib/ccache/cc    -o CMakeFiles/cmTC_b3f91.dir/CheckSymbolExists.c.o   -c /home/sunyi/data/rotors_ws/build/rotors_description/CMakeFiles/CMakeTmp/CheckSymbolExists.c
Linking C executable cmTC_b3f91
/usr/bin/cmake -E cmake_link_script CMakeFiles/cmTC_b3f91.dir/link.txt --verbose=1
/usr/lib/ccache/cc      -rdynamic CMakeFiles/cmTC_b3f91.dir/CheckSymbolExists.c.o  -o cmTC_b3f91 
CMakeFiles/cmTC_b3f91.dir/CheckSymbolExists.c.o：在函数‘main’中：
CheckSymbolExists.c:(.text+0x1b)：对‘pthread_create’未定义的引用
collect2: error: ld returned 1 exit status
CMakeFiles/cmTC_b3f91.dir/build.make:97: recipe for target 'cmTC_b3f91' failed
make[1]: *** [cmTC_b3f91] Error 1
make[1]: 离开目录“/home/sunyi/data/rotors_ws/build/rotors_description/CMakeFiles/CMakeTmp”
Makefile:126: recipe for target 'cmTC_b3f91/fast' failed
make: *** [cmTC_b3f91/fast] Error 2

File /home/sunyi/data/rotors_ws/build/rotors_description/CMakeFiles/CMakeTmp/CheckSymbolExists.c:
/* */
#include <pthread.h>

int main(int argc, char** argv)
{
  (void)argv;
#ifndef pthread_create
  return ((int*)(&pthread_create))[argc];
#else
  (void)argc;
  return 0;
#endif
}

Determining if the function pthread_create exists in the pthreads failed with the following output:
Change Dir: /home/sunyi/data/rotors_ws/build/rotors_description/CMakeFiles/CMakeTmp

Run Build Command:"/usr/bin/make" "cmTC_d688c/fast"
/usr/bin/make -f CMakeFiles/cmTC_d688c.dir/build.make CMakeFiles/cmTC_d688c.dir/build
make[1]: 进入目录“/home/sunyi/data/rotors_ws/build/rotors_description/CMakeFiles/CMakeTmp”
Building C object CMakeFiles/cmTC_d688c.dir/CheckFunctionExists.c.o
/usr/lib/ccache/cc   -DCHECK_FUNCTION_EXISTS=pthread_create   -o CMakeFiles/cmTC_d688c.dir/CheckFunctionExists.c.o   -c /usr/share/cmake-3.10/Modules/CheckFunctionExists.c
Linking C executable cmTC_d688c
/usr/bin/cmake -E cmake_link_script CMakeFiles/cmTC_d688c.dir/link.txt --verbose=1
/usr/lib/ccache/cc  -DCHECK_FUNCTION_EXISTS=pthread_create    -rdynamic CMakeFiles/cmTC_d688c.dir/CheckFunctionExists.c.o  -o cmTC_d688c -lpthreads 
/usr/bin/ld: 找不到 -lpthreads
collect2: error: ld returned 1 exit status
CMakeFiles/cmTC_d688c.dir/build.make:97: recipe for target 'cmTC_d688c' failed
make[1]: *** [cmTC_d688c] Error 1
make[1]: 离开目录“/home/sunyi/data/rotors_ws/build/rotors_description/CMakeFiles/CMakeTmp”
Makefile:126: recipe for target 'cmTC_d688c/fast' failed
make: *** [cmTC_d688c/fast] Error 2


