Determining if the pthread_create exist failed with the following output:
Change Dir: /home/sunyi/data/rotors_ws/build/catkin_simple/CMakeFiles/CMakeTmp

Run Build Command:"/usr/bin/make" "cmTC_1066b/fast"
/usr/bin/make -f CMakeFiles/cmTC_1066b.dir/build.make CMakeFiles/cmTC_1066b.dir/build
make[1]: 进入目录“/home/sunyi/data/rotors_ws/build/catkin_simple/CMakeFiles/CMakeTmp”
Building C object CMakeFiles/cmTC_1066b.dir/CheckSymbolExists.c.o
/usr/lib/ccache/cc    -o CMakeFiles/cmTC_1066b.dir/CheckSymbolExists.c.o   -c /home/sunyi/data/rotors_ws/build/catkin_simple/CMakeFiles/CMakeTmp/CheckSymbolExists.c
Linking C executable cmTC_1066b
/usr/bin/cmake -E cmake_link_script CMakeFiles/cmTC_1066b.dir/link.txt --verbose=1
/usr/lib/ccache/cc      -rdynamic CMakeFiles/cmTC_1066b.dir/CheckSymbolExists.c.o  -o cmTC_1066b 
CMakeFiles/cmTC_1066b.dir/CheckSymbolExists.c.o：在函数‘main’中：
CheckSymbolExists.c:(.text+0x1b)：对‘pthread_create’未定义的引用
collect2: error: ld returned 1 exit status
CMakeFiles/cmTC_1066b.dir/build.make:97: recipe for target 'cmTC_1066b' failed
make[1]: *** [cmTC_1066b] Error 1
make[1]: 离开目录“/home/sunyi/data/rotors_ws/build/catkin_simple/CMakeFiles/CMakeTmp”
Makefile:126: recipe for target 'cmTC_1066b/fast' failed
make: *** [cmTC_1066b/fast] Error 2

File /home/sunyi/data/rotors_ws/build/catkin_simple/CMakeFiles/CMakeTmp/CheckSymbolExists.c:
/* */
#include <pthread.h>

int main(int argc, char** argv)
{
  (void)argv;
#ifndef pthread_create
  return ((int*)(&pthread_create))[argc];
#else
  (void)argc;
  return 0;
#endif
}

Determining if the function pthread_create exists in the pthreads failed with the following output:
Change Dir: /home/sunyi/data/rotors_ws/build/catkin_simple/CMakeFiles/CMakeTmp

Run Build Command:"/usr/bin/make" "cmTC_778b4/fast"
/usr/bin/make -f CMakeFiles/cmTC_778b4.dir/build.make CMakeFiles/cmTC_778b4.dir/build
make[1]: 进入目录“/home/sunyi/data/rotors_ws/build/catkin_simple/CMakeFiles/CMakeTmp”
Building C object CMakeFiles/cmTC_778b4.dir/CheckFunctionExists.c.o
/usr/lib/ccache/cc   -DCHECK_FUNCTION_EXISTS=pthread_create   -o CMakeFiles/cmTC_778b4.dir/CheckFunctionExists.c.o   -c /usr/share/cmake-3.10/Modules/CheckFunctionExists.c
Linking C executable cmTC_778b4
/usr/bin/cmake -E cmake_link_script CMakeFiles/cmTC_778b4.dir/link.txt --verbose=1
/usr/lib/ccache/cc  -DCHECK_FUNCTION_EXISTS=pthread_create    -rdynamic CMakeFiles/cmTC_778b4.dir/CheckFunctionExists.c.o  -o cmTC_778b4 -lpthreads 
/usr/bin/ld: 找不到 -lpthreads
collect2: error: ld returned 1 exit status
CMakeFiles/cmTC_778b4.dir/build.make:97: recipe for target 'cmTC_778b4' failed
make[1]: *** [cmTC_778b4] Error 1
make[1]: 离开目录“/home/sunyi/data/rotors_ws/build/catkin_simple/CMakeFiles/CMakeTmp”
Makefile:126: recipe for target 'cmTC_778b4/fast' failed
make: *** [cmTC_778b4/fast] Error 2


